<?xml version="1.0" encoding="UTF-8"?>
<!-- Generated by org.testng.reporters.JUnitReportReporter -->
<testsuite skipped="0" hostname="PC1385" name="SimpleGetTest" tests="1" failures="0" timestamp="01 Apr 2019 10:26:27 GMT" time="4.371" errors="0">
  <testcase name="GetWeatherDetails" time="4.371" classname="SimpleGetTest"/>
</testsuite> <!-- SimpleGetTest -->
